running develop
running egg_info
creating diff_robot.egg-info
writing diff_robot.egg-info/PKG-INFO
writing dependency_links to diff_robot.egg-info/dependency_links.txt
writing entry points to diff_robot.egg-info/entry_points.txt
writing requirements to diff_robot.egg-info/requires.txt
writing top-level names to diff_robot.egg-info/top_level.txt
writing manifest file 'diff_robot.egg-info/SOURCES.txt'
reading manifest file 'diff_robot.egg-info/SOURCES.txt'
writing manifest file 'diff_robot.egg-info/SOURCES.txt'
running build_ext
Creating /home/maverick/upwork/diff_sim_ws/src/diff_robot/install/diff_robot/lib/python3.8/site-packages/site.py
Creating /home/maverick/upwork/diff_sim_ws/src/diff_robot/install/diff_robot/lib/python3.8/site-packages/diff-robot.egg-link (link to .)
Installing twist_pub script to /home/maverick/upwork/diff_sim_ws/src/diff_robot/install/diff_robot/lib/diff_robot

Installed /home/maverick/upwork/diff_sim_ws/src/diff_robot/build/diff_robot
running install_data
creating /home/maverick/upwork/diff_sim_ws/src/diff_robot/install/diff_robot/share/ament_index
creating /home/maverick/upwork/diff_sim_ws/src/diff_robot/install/diff_robot/share/ament_index/resource_index
creating /home/maverick/upwork/diff_sim_ws/src/diff_robot/install/diff_robot/share/ament_index/resource_index/packages
copying resource/diff_robot -> /home/maverick/upwork/diff_sim_ws/src/diff_robot/install/diff_robot/share/ament_index/resource_index/packages
copying package.xml -> /home/maverick/upwork/diff_sim_ws/src/diff_robot/install/diff_robot/share/diff_robot
