[0.126s] DEBUG:colcon:Command line arguments: ['/usr/bin/colcon', 'build', '--symlink-install']
[0.126s] DEBUG:colcon:Parsed command line arguments: Namespace(allow_overriding=[], ament_cmake_args=None, base_paths=['.'], build_base='build', catkin_cmake_args=None, catkin_skip_building_tests=False, cmake_args=None, cmake_clean_cache=False, cmake_clean_first=False, cmake_force_configure=False, cmake_target=None, cmake_target_skip_unavailable=False, continue_on_error=False, event_handlers=None, executor='parallel', ignore_user_meta=False, install_base='install', log_base=None, log_level=None, main=<bound method BuildVerb.main of <colcon_core.verb.build.BuildVerb object at 0x7fa0ad5d4910>>, merge_install=False, metas=['./colcon.meta'], packages_above=None, packages_above_and_dependencies=None, packages_above_depth=None, packages_end=None, packages_ignore=None, packages_ignore_regex=None, packages_select=None, packages_select_build_failed=False, packages_select_by_dep=None, packages_select_regex=None, packages_select_test_failures=False, packages_skip=None, packages_skip_build_finished=False, packages_skip_by_dep=None, packages_skip_regex=None, packages_skip_test_passed=False, packages_skip_up_to=None, packages_start=None, packages_up_to=None, packages_up_to_regex=None, parallel_workers=12, paths=None, symlink_install=True, test_result_base=None, verb_extension=<colcon_core.verb.build.BuildVerb object at 0x7fa0ad5d4910>, verb_name='build', verb_parser=<colcon_defaults.argument_parser.defaults.DefaultArgumentsDecorator object at 0x7fa0ad5d4e80>)
[0.149s] Level 1:colcon.colcon_core.package_discovery:discover_packages(colcon_meta) check parameters
[0.149s] Level 1:colcon.colcon_core.package_discovery:discover_packages(recursive) check parameters
[0.149s] Level 1:colcon.colcon_core.package_discovery:discover_packages(ignore) check parameters
[0.149s] Level 1:colcon.colcon_core.package_discovery:discover_packages(path) check parameters
[0.149s] Level 1:colcon.colcon_core.package_discovery:discover_packages(colcon_meta) discover
[0.149s] Level 1:colcon.colcon_core.package_discovery:discover_packages(recursive) discover
[0.149s] INFO:colcon.colcon_core.package_discovery:Crawling recursively for packages in '/home/maverick/upwork/diff_sim_ws/src/diff_robot'
[0.149s] Level 1:colcon.colcon_core.package_identification:_identify(.) by extensions ['ignore', 'ignore_ament_install']
[0.149s] Level 1:colcon.colcon_core.package_identification:_identify(.) by extension 'ignore'
[0.149s] Level 1:colcon.colcon_core.package_identification:_identify(.) by extension 'ignore_ament_install'
[0.150s] Level 1:colcon.colcon_core.package_identification:_identify(.) by extensions ['colcon_pkg']
[0.150s] Level 1:colcon.colcon_core.package_identification:_identify(.) by extension 'colcon_pkg'
[0.150s] Level 1:colcon.colcon_core.package_identification:_identify(.) by extensions ['colcon_meta']
[0.150s] Level 1:colcon.colcon_core.package_identification:_identify(.) by extension 'colcon_meta'
[0.150s] Level 1:colcon.colcon_core.package_identification:_identify(.) by extensions ['ros']
[0.150s] Level 1:colcon.colcon_core.package_identification:_identify(.) by extension 'ros'
[0.158s] DEBUG:colcon.colcon_core.package_identification:Package '.' with type 'ros.ament_python' and name 'diff_robot'
[0.158s] Level 1:colcon.colcon_core.package_discovery:discover_packages(recursive) using defaults
[0.158s] Level 1:colcon.colcon_core.package_discovery:discover_packages(ignore) discover
[0.158s] Level 1:colcon.colcon_core.package_discovery:discover_packages(ignore) using defaults
[0.158s] Level 1:colcon.colcon_core.package_discovery:discover_packages(path) discover
[0.159s] Level 1:colcon.colcon_core.package_discovery:discover_packages(path) using defaults
[0.175s] Level 1:colcon.colcon_core.package_discovery:discover_packages(prefix_path) check parameters
[0.175s] Level 1:colcon.colcon_core.package_discovery:discover_packages(prefix_path) discover
[0.178s] DEBUG:colcon.colcon_installed_package_information.package_discovery:Found 1 installed packages in /home/maverick/upwork/diff_sim_ws/src/install
[0.180s] DEBUG:colcon.colcon_installed_package_information.package_discovery:Found 28 installed packages in /home/maverick/upwork/diff_robot_ws/src/install
[0.181s] DEBUG:colcon.colcon_installed_package_information.package_discovery:Found 201 installed packages in /opt/ros/galactic
[0.182s] Level 1:colcon.colcon_core.package_discovery:discover_packages(prefix_path) using defaults
[0.217s] Level 5:colcon.colcon_core.verb:set package 'diff_robot' build argument 'cmake_args' from command line to 'None'
[0.217s] Level 5:colcon.colcon_core.verb:set package 'diff_robot' build argument 'cmake_target' from command line to 'None'
[0.217s] Level 5:colcon.colcon_core.verb:set package 'diff_robot' build argument 'cmake_target_skip_unavailable' from command line to 'False'
[0.217s] Level 5:colcon.colcon_core.verb:set package 'diff_robot' build argument 'cmake_clean_cache' from command line to 'False'
[0.217s] Level 5:colcon.colcon_core.verb:set package 'diff_robot' build argument 'cmake_clean_first' from command line to 'False'
[0.217s] Level 5:colcon.colcon_core.verb:set package 'diff_robot' build argument 'cmake_force_configure' from command line to 'False'
[0.217s] Level 5:colcon.colcon_core.verb:set package 'diff_robot' build argument 'ament_cmake_args' from command line to 'None'
[0.217s] Level 5:colcon.colcon_core.verb:set package 'diff_robot' build argument 'catkin_cmake_args' from command line to 'None'
[0.217s] Level 5:colcon.colcon_core.verb:set package 'diff_robot' build argument 'catkin_skip_building_tests' from command line to 'False'
[0.217s] DEBUG:colcon.colcon_core.verb:Building package 'diff_robot' with the following arguments: {'ament_cmake_args': None, 'build_base': '/home/maverick/upwork/diff_sim_ws/src/diff_robot/build/diff_robot', 'catkin_cmake_args': None, 'catkin_skip_building_tests': False, 'cmake_args': None, 'cmake_clean_cache': False, 'cmake_clean_first': False, 'cmake_force_configure': False, 'cmake_target': None, 'cmake_target_skip_unavailable': False, 'install_base': '/home/maverick/upwork/diff_sim_ws/src/diff_robot/install/diff_robot', 'merge_install': False, 'path': '/home/maverick/upwork/diff_sim_ws/src/diff_robot', 'symlink_install': True, 'test_result_base': None}
[0.218s] INFO:colcon.colcon_core.executor:Executing jobs using 'parallel' executor
[0.224s] DEBUG:colcon.colcon_parallel_executor.executor.parallel:run_until_complete
[0.224s] INFO:colcon.colcon_ros.task.ament_python.build:Building ROS package in '/home/maverick/upwork/diff_sim_ws/src/diff_robot' with build type 'ament_python'
[0.224s] Level 1:colcon.colcon_core.shell:create_environment_hook('diff_robot', 'ament_prefix_path')
[0.228s] INFO:colcon.colcon_core.plugin_system:Skipping extension 'colcon_core.shell.bat': Not used on non-Windows systems
[0.228s] INFO:colcon.colcon_core.shell:Creating environment hook '/home/maverick/upwork/diff_sim_ws/src/diff_robot/install/diff_robot/share/diff_robot/hook/ament_prefix_path.ps1'
[0.229s] INFO:colcon.colcon_core.shell:Creating environment descriptor '/home/maverick/upwork/diff_sim_ws/src/diff_robot/install/diff_robot/share/diff_robot/hook/ament_prefix_path.dsv'
[0.229s] INFO:colcon.colcon_core.shell:Creating environment hook '/home/maverick/upwork/diff_sim_ws/src/diff_robot/install/diff_robot/share/diff_robot/hook/ament_prefix_path.sh'
[0.231s] INFO:colcon.colcon_core.shell:Skip shell extension 'powershell' for command environment: Not usable outside of PowerShell
[0.231s] DEBUG:colcon.colcon_core.shell:Skip shell extension 'dsv' for command environment
[0.413s] INFO:colcon.colcon_core.task.python.build:Building Python package in '/home/maverick/upwork/diff_sim_ws/src/diff_robot'
[0.416s] INFO:colcon.colcon_core.shell:Skip shell extension 'powershell' for command environment: Not usable outside of PowerShell
[0.416s] DEBUG:colcon.colcon_core.shell:Skip shell extension 'dsv' for command environment
[0.701s] DEBUG:colcon.colcon_core.event_handler.log_command:Invoking command in '/home/maverick/upwork/diff_sim_ws/src/diff_robot/build/diff_robot': PYTHONPATH=/home/maverick/upwork/diff_sim_ws/src/diff_robot/install/diff_robot/lib/python3.8/site-packages:${PYTHONPATH} /usr/bin/python3 setup.py develop --prefix /home/maverick/upwork/diff_sim_ws/src/diff_robot/install/diff_robot --editable --build-directory /home/maverick/upwork/diff_sim_ws/src/diff_robot/build/diff_robot/build --no-deps install_data --install-dir /home/maverick/upwork/diff_sim_ws/src/diff_robot/install/diff_robot
[1.140s] Level 1:colcon.colcon_core.shell:create_environment_hook('diff_robot', 'pythonpath_develop')
[1.142s] INFO:colcon.colcon_core.shell:Creating environment hook '/home/maverick/upwork/diff_sim_ws/src/diff_robot/build/diff_robot/share/diff_robot/hook/pythonpath_develop.ps1'
[1.143s] DEBUG:colcon.colcon_core.event_handler.log_command:Invoked command in '/home/maverick/upwork/diff_sim_ws/src/diff_robot/build/diff_robot' returned '0': PYTHONPATH=/home/maverick/upwork/diff_sim_ws/src/diff_robot/install/diff_robot/lib/python3.8/site-packages:${PYTHONPATH} /usr/bin/python3 setup.py develop --prefix /home/maverick/upwork/diff_sim_ws/src/diff_robot/install/diff_robot --editable --build-directory /home/maverick/upwork/diff_sim_ws/src/diff_robot/build/diff_robot/build --no-deps install_data --install-dir /home/maverick/upwork/diff_sim_ws/src/diff_robot/install/diff_robot
[1.143s] INFO:colcon.colcon_core.shell:Creating environment descriptor '/home/maverick/upwork/diff_sim_ws/src/diff_robot/build/diff_robot/share/diff_robot/hook/pythonpath_develop.dsv'
[1.143s] INFO:colcon.colcon_core.shell:Creating environment hook '/home/maverick/upwork/diff_sim_ws/src/diff_robot/build/diff_robot/share/diff_robot/hook/pythonpath_develop.sh'
[1.149s] Level 1:colcon.colcon_core.environment:checking '/home/maverick/upwork/diff_sim_ws/src/diff_robot/install/diff_robot' for CMake module files
[1.149s] Level 1:colcon.colcon_core.environment:checking '/home/maverick/upwork/diff_sim_ws/src/diff_robot/install/diff_robot' for CMake config files
[1.149s] Level 1:colcon.colcon_core.environment:checking '/home/maverick/upwork/diff_sim_ws/src/diff_robot/install/diff_robot/lib'
[1.149s] Level 1:colcon.colcon_core.environment:checking '/home/maverick/upwork/diff_sim_ws/src/diff_robot/install/diff_robot/bin'
[1.149s] Level 1:colcon.colcon_core.environment:checking '/home/maverick/upwork/diff_sim_ws/src/diff_robot/install/diff_robot/lib/pkgconfig/diff_robot.pc'
[1.150s] Level 1:colcon.colcon_core.environment:checking '/home/maverick/upwork/diff_sim_ws/src/diff_robot/install/diff_robot/lib/python3.8/site-packages'
[1.150s] Level 1:colcon.colcon_core.shell:create_environment_hook('diff_robot', 'pythonpath')
[1.153s] INFO:colcon.colcon_core.shell:Creating environment hook '/home/maverick/upwork/diff_sim_ws/src/diff_robot/install/diff_robot/share/diff_robot/hook/pythonpath.ps1'
[1.154s] INFO:colcon.colcon_core.shell:Creating environment descriptor '/home/maverick/upwork/diff_sim_ws/src/diff_robot/install/diff_robot/share/diff_robot/hook/pythonpath.dsv'
[1.154s] INFO:colcon.colcon_core.shell:Creating environment hook '/home/maverick/upwork/diff_sim_ws/src/diff_robot/install/diff_robot/share/diff_robot/hook/pythonpath.sh'
[1.154s] Level 1:colcon.colcon_core.environment:checking '/home/maverick/upwork/diff_sim_ws/src/diff_robot/install/diff_robot/bin'
[1.154s] Level 1:colcon.colcon_core.environment:create_environment_scripts_only(diff_robot)
[1.158s] INFO:colcon.colcon_core.shell:Creating package script '/home/maverick/upwork/diff_sim_ws/src/diff_robot/install/diff_robot/share/diff_robot/package.ps1'
[1.158s] INFO:colcon.colcon_core.shell:Creating package descriptor '/home/maverick/upwork/diff_sim_ws/src/diff_robot/install/diff_robot/share/diff_robot/package.dsv'
[1.159s] INFO:colcon.colcon_core.shell:Creating package script '/home/maverick/upwork/diff_sim_ws/src/diff_robot/install/diff_robot/share/diff_robot/package.sh'
[1.159s] INFO:colcon.colcon_core.shell:Creating package script '/home/maverick/upwork/diff_sim_ws/src/diff_robot/install/diff_robot/share/diff_robot/package.bash'
[1.160s] INFO:colcon.colcon_core.shell:Creating package script '/home/maverick/upwork/diff_sim_ws/src/diff_robot/install/diff_robot/share/diff_robot/package.zsh'
[1.160s] Level 1:colcon.colcon_core.environment:create_file_with_runtime_dependencies(/home/maverick/upwork/diff_sim_ws/src/diff_robot/install/diff_robot/share/colcon-core/packages/diff_robot)
[1.160s] DEBUG:colcon.colcon_parallel_executor.executor.parallel:closing loop
[1.160s] DEBUG:colcon.colcon_parallel_executor.executor.parallel:loop closed
[1.161s] DEBUG:colcon.colcon_parallel_executor.executor.parallel:run_until_complete finished with '0'
[1.161s] DEBUG:colcon.colcon_core.event_reactor:joining thread
[1.166s] INFO:colcon.colcon_core.plugin_system:Skipping extension 'colcon_notification.desktop_notification.terminal_notifier': Not used on non-Darwin systems
[1.166s] INFO:colcon.colcon_core.plugin_system:Skipping extension 'colcon_notification.desktop_notification.win32': Not used on non-Windows systems
[1.166s] INFO:colcon.colcon_notification.desktop_notification:Sending desktop notification using 'notify2'
[1.180s] DEBUG:colcon.colcon_core.event_reactor:joined thread
[1.182s] INFO:colcon.colcon_core.shell:Creating prefix script '/home/maverick/upwork/diff_sim_ws/src/diff_robot/install/local_setup.ps1'
[1.183s] INFO:colcon.colcon_core.shell:Creating prefix util module '/home/maverick/upwork/diff_sim_ws/src/diff_robot/install/_local_setup_util_ps1.py'
[1.184s] INFO:colcon.colcon_core.shell:Creating prefix chain script '/home/maverick/upwork/diff_sim_ws/src/diff_robot/install/setup.ps1'
[1.186s] INFO:colcon.colcon_core.shell:Creating prefix script '/home/maverick/upwork/diff_sim_ws/src/diff_robot/install/local_setup.sh'
[1.186s] INFO:colcon.colcon_core.shell:Creating prefix util module '/home/maverick/upwork/diff_sim_ws/src/diff_robot/install/_local_setup_util_sh.py'
[1.186s] INFO:colcon.colcon_core.shell:Creating prefix chain script '/home/maverick/upwork/diff_sim_ws/src/diff_robot/install/setup.sh'
[1.188s] INFO:colcon.colcon_core.shell:Creating prefix script '/home/maverick/upwork/diff_sim_ws/src/diff_robot/install/local_setup.bash'
[1.188s] INFO:colcon.colcon_core.shell:Creating prefix chain script '/home/maverick/upwork/diff_sim_ws/src/diff_robot/install/setup.bash'
[1.190s] INFO:colcon.colcon_core.shell:Creating prefix script '/home/maverick/upwork/diff_sim_ws/src/diff_robot/install/local_setup.zsh'
[1.190s] INFO:colcon.colcon_core.shell:Creating prefix chain script '/home/maverick/upwork/diff_sim_ws/src/diff_robot/install/setup.zsh'
